TN:
SF:src/alerts/create.ts
FN:16,getAlertsDBConnection
FN:75,(anonymous_2)
FNF:2
FNH:0
FNDA:0,getAlertsDBConnection
FNDA:0,(anonymous_2)
DA:8,0
DA:17,0
DA:19,0
DA:20,0
DA:21,0
DA:23,0
DA:28,0
DA:75,0
DA:78,0
DA:80,0
DA:81,0
DA:93,0
DA:96,0
DA:97,0
DA:110,0
DA:113,0
DA:115,0
DA:146,0
DA:149,0
DA:161,0
DA:163,0
LF:21
LH:0
BRDA:17,0,0,0
BRDA:19,1,0,0
BRDA:19,1,1,0
BRDA:20,2,0,0
BRDA:80,3,0,0
BRDA:96,4,0,0
BRDA:96,5,0,0
BRDA:96,5,1,0
BRDA:96,5,2,0
BRDA:96,5,3,0
BRDA:110,6,0,0
BRDA:110,6,1,0
BRDA:132,7,0,0
BRDA:132,7,1,0
BRDA:134,8,0,0
BRDA:134,8,1,0
BRDA:135,9,0,0
BRDA:135,9,1,0
BRDA:136,10,0,0
BRDA:136,10,1,0
BRDA:139,11,0,0
BRDA:139,11,1,0
BRDA:140,12,0,0
BRDA:140,12,1,0
BRDA:141,13,0,0
BRDA:141,13,1,0
BRDA:171,14,0,0
BRDA:171,14,1,0
BRF:28
BRH:0
end_of_record
TN:
SF:src/alerts/controllers/gas-alert.controller.ts
FN:25,createGasAlert
FN:45,(anonymous_1)
FN:76,getGasAlerts
FN:122,getGasAlertById
FN:162,updateGasAlert
FN:189,(anonymous_5)
FN:220,deleteGasAlert
FN:260,toggleGasAlert
FN:313,getCurrentGasPrices
FN:345,getGasPriceHistory
FNF:10
FNH:0
FNDA:0,createGasAlert
FNDA:0,(anonymous_1)
FNDA:0,getGasAlerts
FNDA:0,getGasAlertById
FNDA:0,updateGasAlert
FNDA:0,(anonymous_5)
FNDA:0,deleteGasAlert
FNDA:0,toggleGasAlert
FNDA:0,getCurrentGasPrices
FNDA:0,getGasPriceHistory
DA:2,0
DA:3,0
DA:4,0
DA:5,0
DA:6,0
DA:25,0
DA:28,0
DA:29,0
DA:31,0
DA:33,0
DA:34,0
DA:35,0
DA:39,0
DA:42,0
DA:43,0
DA:44,0
DA:45,0
DA:51,0
DA:53,0
DA:55,0
DA:57,0
DA:58,0
DA:61,0
DA:62,0
DA:65,0
DA:76,0
DA:79,0
DA:80,0
DA:81,0
DA:83,0
DA:85,0
DA:86,0
DA:87,0
DA:91,0
DA:92,0
DA:93,0
DA:97,0
DA:98,0
DA:101,0
DA:102,0
DA:106,0
DA:108,0
DA:110,0
DA:111,0
DA:122,0
DA:125,0
DA:128,0
DA:130,0
DA:131,0
DA:132,0
DA:136,0
DA:137,0
DA:138,0
DA:142,0
DA:144,0
DA:145,0
DA:148,0
DA:150,0
DA:151,0
DA:162,0
DA:165,0
DA:167,0
DA:169,0
DA:171,0
DA:172,0
DA:173,0
DA:177,0
DA:178,0
DA:179,0
DA:183,0
DA:186,0
DA:187,0
DA:188,0
DA:189,0
DA:195,0
DA:197,0
DA:198,0
DA:201,0
DA:203,0
DA:205,0
DA:206,0
DA:209,0
DA:220,0
DA:223,0
DA:226,0
DA:228,0
DA:229,0
DA:230,0
DA:234,0
DA:235,0
DA:236,0
DA:240,0
DA:242,0
DA:243,0
DA:246,0
DA:248,0
DA:249,0
DA:260,0
DA:263,0
DA:267,0
DA:269,0
DA:270,0
DA:271,0
DA:275,0
DA:276,0
DA:277,0
DA:281,0
DA:282,0
DA:285,0
DA:286,0
DA:288,0
DA:289,0
DA:293,0
DA:295,0
DA:296,0
DA:299,0
DA:301,0
DA:302,0
DA:313,0
DA:316,0
DA:318,0
DA:319,0
DA:320,0
DA:324,0
DA:326,0
DA:328,0
DA:330,0
DA:331,0
DA:334,0
DA:345,0
DA:348,0
DA:350,0
DA:351,0
DA:352,0
DA:356,0
DA:357,0
DA:358,0
DA:362,0
DA:364,0
DA:370,0
DA:375,0
DA:376,0
DA:379,0
LF:143
LH:0
BRDA:34,0,0,0
BRDA:39,1,0,0
BRDA:39,1,1,0
BRDA:43,2,0,0
BRDA:55,3,0,0
BRDA:55,3,1,0
BRDA:57,4,0,0
BRDA:61,5,0,0
BRDA:86,6,0,0
BRDA:91,7,0,0
BRDA:92,8,0,0
BRDA:92,8,1,0
BRDA:93,9,0,0
BRDA:93,9,1,0
BRDA:97,10,0,0
BRDA:101,11,0,0
BRDA:101,12,0,0
BRDA:101,12,1,0
BRDA:110,13,0,0
BRDA:110,13,1,0
BRDA:131,14,0,0
BRDA:137,15,0,0
BRDA:144,16,0,0
BRDA:150,17,0,0
BRDA:150,17,1,0
BRDA:172,18,0,0
BRDA:178,19,0,0
BRDA:183,20,0,0
BRDA:183,20,1,0
BRDA:187,21,0,0
BRDA:197,22,0,0
BRDA:203,23,0,0
BRDA:203,23,1,0
BRDA:205,24,0,0
BRDA:229,25,0,0
BRDA:235,26,0,0
BRDA:242,27,0,0
BRDA:248,28,0,0
BRDA:248,28,1,0
BRDA:270,29,0,0
BRDA:276,30,0,0
BRDA:281,31,0,0
BRDA:288,32,0,0
BRDA:295,33,0,0
BRDA:301,34,0,0
BRDA:301,34,1,0
BRDA:319,35,0,0
BRDA:330,36,0,0
BRDA:351,37,0,0
BRDA:356,38,0,0
BRDA:356,38,1,0
BRDA:357,39,0,0
BRDA:357,40,0,0
BRDA:357,40,1,0
BRDA:375,41,0,0
BRF:55
BRH:0
end_of_record
TN:
SF:src/alerts/controllers/gas-prediction.controller.ts
FN:42,(anonymous_0)
FN:87,getGasPredictions
FN:110,(anonymous_2)
FN:183,getCurrentGasPrices
FN:206,(anonymous_4)
FNF:5
FNH:4
FNDA:1,(anonymous_0)
FNDA:6,getGasPredictions
FNDA:1,(anonymous_2)
FNDA:2,getCurrentGasPrices
FNDA:0,(anonymous_4)
DA:2,1
DA:3,1
DA:4,1
DA:5,1
DA:24,1
DA:40,1
DA:42,1
DA:87,1
DA:90,6
DA:91,6
DA:93,6
DA:95,6
DA:96,6
DA:97,1
DA:101,5
DA:102,5
DA:103,1
DA:107,4
DA:108,4
DA:109,1
DA:110,1
DA:112,1
DA:116,3
DA:119,1
DA:125,1
DA:128,2
DA:138,2
DA:139,1
DA:145,1
DA:146,0
DA:153,1
DA:183,1
DA:186,2
DA:187,2
DA:189,2
DA:191,2
DA:192,2
DA:193,0
DA:197,2
DA:198,2
DA:199,0
DA:203,2
DA:204,2
DA:205,0
DA:206,0
DA:208,0
DA:212,2
DA:217,2
DA:218,1
DA:225,1
DA:228,1
DA:233,1
DA:236,0
DA:246,0
LF:54
LH:46
BRDA:96,0,0,1
BRDA:102,1,0,1
BRDA:108,2,0,1
BRDA:130,3,0,2
BRDA:130,3,1,0
BRDA:132,4,0,2
BRDA:132,4,1,0
BRDA:138,5,0,1
BRDA:145,6,0,0
BRDA:192,7,0,0
BRDA:198,8,0,0
BRDA:204,9,0,0
BRDA:217,10,0,1
BRDA:238,11,0,0
BRDA:238,11,1,0
BRDA:240,12,0,0
BRDA:240,12,1,0
BRF:17
BRH:7
end_of_record
TN:
SF:src/alerts/controllers/price-alert.controller.ts
FN:26,createPriceAlert
FN:46,(anonymous_1)
FN:77,getPriceAlerts
FN:117,getPriceAlertById
FN:157,updatePriceAlert
FN:184,(anonymous_5)
FN:215,deletePriceAlert
FN:255,togglePriceAlert
FNF:8
FNH:7
FNDA:6,createPriceAlert
FNDA:4,(anonymous_1)
FNDA:5,getPriceAlerts
FNDA:5,getPriceAlertById
FNDA:3,updatePriceAlert
FNDA:0,(anonymous_5)
FNDA:3,deletePriceAlert
FNDA:3,togglePriceAlert
DA:10,2
DA:11,2
DA:17,2
DA:26,2
DA:29,6
DA:30,6
DA:32,6
DA:34,6
DA:35,6
DA:36,0
DA:40,6
DA:43,6
DA:44,6
DA:45,2
DA:46,4
DA:52,4
DA:54,2
DA:56,2
DA:58,2
DA:59,2
DA:62,0
DA:63,0
DA:66,0
DA:77,2
DA:80,5
DA:81,5
DA:83,5
DA:85,5
DA:86,5
DA:87,0
DA:91,5
DA:92,5
DA:101,5
DA:103,5
DA:105,0
DA:106,0
DA:117,2
DA:120,5
DA:121,5
DA:123,5
DA:125,5
DA:126,5
DA:127,0
DA:131,5
DA:132,5
DA:133,1
DA:137,4
DA:139,4
DA:140,2
DA:143,2
DA:145,0
DA:146,0
DA:157,2
DA:160,3
DA:161,3
DA:162,3
DA:164,3
DA:166,3
DA:167,3
DA:168,0
DA:172,3
DA:173,3
DA:174,0
DA:178,3
DA:181,3
DA:182,3
DA:183,0
DA:184,0
DA:190,3
DA:192,2
DA:194,1
DA:196,1
DA:197,1
DA:200,0
DA:201,0
DA:204,0
DA:215,2
DA:218,3
DA:219,3
DA:221,3
DA:223,3
DA:224,3
DA:225,0
DA:229,3
DA:230,3
DA:231,0
DA:235,3
DA:237,3
DA:238,1
DA:241,2
DA:243,0
DA:244,0
DA:255,2
DA:258,3
DA:259,3
DA:260,3
DA:262,3
DA:264,3
DA:265,3
DA:266,0
DA:270,3
DA:271,3
DA:272,0
DA:276,3
DA:277,3
DA:279,3
DA:280,1
DA:284,2
DA:286,2
DA:288,0
DA:290,0
DA:291,0
DA:294,0
LF:113
LH:86
BRDA:35,0,0,0
BRDA:40,1,0,6
BRDA:40,1,1,0
BRDA:44,2,0,2
BRDA:56,3,0,2
BRDA:56,3,1,0
BRDA:58,4,0,2
BRDA:62,5,0,0
BRDA:86,6,0,0
BRDA:91,7,0,5
BRDA:91,7,1,2
BRDA:93,8,0,2
BRDA:93,8,1,3
BRDA:94,9,0,2
BRDA:94,9,1,3
BRDA:105,10,0,0
BRDA:105,10,1,0
BRDA:126,11,0,0
BRDA:132,12,0,1
BRDA:139,13,0,2
BRDA:145,14,0,0
BRDA:145,14,1,0
BRDA:167,15,0,0
BRDA:173,16,0,0
BRDA:178,17,0,3
BRDA:178,17,1,0
BRDA:182,18,0,0
BRDA:194,19,0,1
BRDA:194,19,1,0
BRDA:196,20,0,1
BRDA:200,21,0,0
BRDA:224,22,0,0
BRDA:230,23,0,0
BRDA:237,24,0,1
BRDA:243,25,0,0
BRDA:243,25,1,0
BRDA:265,26,0,0
BRDA:271,27,0,0
BRDA:276,28,0,3
BRDA:276,28,1,0
BRDA:279,29,0,1
BRDA:288,30,0,0
BRDA:288,30,1,0
BRDA:290,31,0,0
BRF:44
BRH:18
end_of_record
TN:
SF:src/alerts/controllers/whale-alert.controller.ts
FN:33,createWhaleAlert
FN:70,getWhaleAlerts
FN:100,getWhaleAlertById
FN:135,updateWhaleAlert
FN:183,deleteWhaleAlert
FN:218,toggleWhaleAlert
FNF:6
FNH:6
FNDA:5,createWhaleAlert
FNDA:3,getWhaleAlerts
FNDA:3,getWhaleAlertById
FNDA:3,updateWhaleAlert
FNDA:2,deleteWhaleAlert
FNDA:2,toggleWhaleAlert
DA:16,2
DA:17,2
DA:23,2
DA:33,2
DA:34,5
DA:35,5
DA:37,5
DA:39,5
DA:40,5
DA:41,1
DA:45,4
DA:46,0
DA:49,4
DA:50,4
DA:52,4
DA:53,1
DA:57,3
DA:59,2
DA:61,1
DA:62,1
DA:70,2
DA:71,3
DA:72,3
DA:73,3
DA:75,3
DA:77,3
DA:78,3
DA:79,1
DA:83,2
DA:84,2
DA:87,2
DA:89,2
DA:91,0
DA:92,0
DA:100,2
DA:101,3
DA:102,3
DA:104,3
DA:106,3
DA:107,3
DA:108,0
DA:112,3
DA:113,3
DA:114,0
DA:118,3
DA:120,3
DA:121,1
DA:124,2
DA:126,0
DA:127,0
DA:135,2
DA:136,3
DA:137,3
DA:138,3
DA:140,3
DA:142,3
DA:143,3
DA:144,0
DA:148,3
DA:149,3
DA:150,0
DA:154,3
DA:155,0
DA:158,3
DA:159,3
DA:161,3
DA:162,0
DA:166,3
DA:168,3
DA:169,1
DA:172,2
DA:174,0
DA:175,0
DA:183,2
DA:184,2
DA:185,2
DA:187,2
DA:189,2
DA:190,2
DA:191,0
DA:195,2
DA:196,2
DA:197,0
DA:201,2
DA:203,2
DA:204,0
DA:207,2
DA:209,0
DA:210,0
DA:218,2
DA:219,2
DA:220,2
DA:221,2
DA:223,2
DA:225,2
DA:226,2
DA:227,0
DA:231,2
DA:232,2
DA:233,0
DA:237,2
DA:238,0
DA:241,2
DA:242,2
DA:244,2
DA:245,0
DA:249,2
DA:251,2
DA:252,0
DA:255,2
DA:257,0
DA:258,0
LF:112
LH:87
BRDA:40,0,0,1
BRDA:45,1,0,0
BRDA:52,2,0,1
BRDA:61,3,0,1
BRDA:61,3,1,0
BRDA:78,4,0,1
BRDA:83,5,0,2
BRDA:83,5,1,0
BRDA:84,6,0,2
BRDA:84,6,1,0
BRDA:91,7,0,0
BRDA:91,7,1,0
BRDA:107,8,0,0
BRDA:113,9,0,0
BRDA:120,10,0,1
BRDA:126,11,0,0
BRDA:126,11,1,0
BRDA:143,12,0,0
BRDA:149,13,0,0
BRDA:154,14,0,0
BRDA:161,15,0,0
BRDA:168,16,0,1
BRDA:174,17,0,0
BRDA:174,17,1,0
BRDA:190,18,0,0
BRDA:196,19,0,0
BRDA:203,20,0,0
BRDA:209,21,0,0
BRDA:209,21,1,0
BRDA:226,22,0,0
BRDA:232,23,0,0
BRDA:237,24,0,0
BRDA:244,25,0,0
BRDA:251,26,0,0
BRDA:257,27,0,0
BRDA:257,27,1,0
BRF:36
BRH:8
end_of_record
TN:
SF:src/alerts/dto/create-gas-alert.dto.ts
FN:48,(anonymous_0)
FN:58,(anonymous_1)
FN:84,(anonymous_2)
FN:96,(anonymous_3)
FN:108,(anonymous_4)
FN:126,safeValidateCreateGasAlert
FN:133,validateCreateGasAlert
FN:142,validateGasAlertConditionalFields
FNF:8
FNH:1
FNDA:0,(anonymous_0)
FNDA:0,(anonymous_1)
FNDA:0,(anonymous_2)
FNDA:0,(anonymous_3)
FNDA:0,(anonymous_4)
FNDA:0,safeValidateCreateGasAlert
FNDA:0,validateCreateGasAlert
FNDA:3,validateGasAlertConditionalFields
DA:1,8
DA:13,8
DA:29,8
DA:33,8
DA:39,8
DA:48,0
DA:58,0
DA:86,0
DA:87,0
DA:89,0
DA:98,0
DA:99,0
DA:101,0
DA:110,0
DA:111,0
DA:113,0
DA:126,8
DA:127,0
DA:133,8
DA:134,0
DA:142,8
DA:146,3
DA:149,3
DA:150,0
DA:154,3
DA:155,0
DA:159,3
DA:160,0
DA:163,3
LF:29
LH:13
BRDA:86,0,0,0
BRDA:86,1,0,0
BRDA:86,1,1,0
BRDA:98,2,0,0
BRDA:98,3,0,0
BRDA:98,3,1,0
BRDA:110,4,0,0
BRDA:110,5,0,0
BRDA:110,5,1,0
BRDA:149,6,0,0
BRDA:149,7,0,3
BRDA:149,7,1,1
BRDA:154,8,0,0
BRDA:154,9,0,3
BRDA:154,9,1,0
BRDA:159,10,0,0
BRDA:159,11,0,3
BRDA:159,11,1,0
BRF:18
BRH:4
end_of_record
TN:
SF:src/alerts/dto/create-price-alert.dto.ts
FN:28,(anonymous_0)
FN:91,validateCreatePriceAlert
FN:101,safeValidateCreatePriceAlert
FN:112,validatePriceAlertConditions
FN:123,validateNotificationChannels
FN:134,validateThresholdForAlertType
FN:187,validateWebhookUrl
FN:207,validateTelegramChatId
FN:227,validateDiscordWebhookUrl
FN:246,validateConditionalFields
FNF:10
FNH:7
FNDA:6,(anonymous_0)
FNDA:0,validateCreatePriceAlert
FNDA:6,safeValidateCreatePriceAlert
FNDA:0,validatePriceAlertConditions
FNDA:0,validateNotificationChannels
FNDA:9,validateThresholdForAlertType
FNDA:7,validateWebhookUrl
FNDA:7,validateTelegramChatId
FNDA:7,validateDiscordWebhookUrl
FNDA:7,validateConditionalFields
DA:9,8
DA:12,8
DA:15,8
DA:28,6
DA:40,8
DA:53,8
DA:91,8
DA:92,0
DA:101,8
DA:102,6
DA:112,8
DA:113,0
DA:123,8
DA:124,0
DA:134,8
DA:138,9
DA:142,7
DA:143,1
DA:148,6
DA:152,1
DA:153,1
DA:154,1
DA:159,0
DA:163,1
DA:164,1
DA:165,1
DA:170,0
DA:173,0
DA:187,8
DA:191,7
DA:192,0
DA:197,7
DA:207,8
DA:211,7
DA:212,0
DA:217,7
DA:227,8
DA:231,7
DA:232,0
DA:237,7
DA:246,8
DA:250,7
DA:253,7
DA:257,7
DA:258,3
DA:262,7
DA:266,7
DA:267,0
DA:271,7
DA:275,7
DA:276,0
DA:280,7
DA:284,7
DA:285,0
DA:288,7
LF:55
LH:43
BRDA:138,0,0,7
BRDA:138,0,1,7
BRDA:138,0,2,1
BRDA:138,0,3,1
BRDA:138,0,4,0
BRDA:142,1,0,1
BRDA:153,2,0,1
BRDA:164,3,0,1
BRDA:191,4,0,0
BRDA:191,5,0,7
BRDA:191,5,1,0
BRDA:211,6,0,0
BRDA:211,7,0,7
BRDA:211,7,1,0
BRDA:231,8,0,0
BRDA:231,9,0,7
BRDA:231,9,1,0
BRDA:257,10,0,3
BRDA:266,11,0,0
BRDA:275,12,0,0
BRDA:284,13,0,0
BRF:21
BRH:11
end_of_record
TN:
SF:src/alerts/dto/create-whale-alert.dto.ts
FN:115,validateWhaleAlertRule
FN:124,safeValidateWhaleAlertRule
FNF:2
FNH:1
FNDA:0,validateWhaleAlertRule
FNDA:4,safeValidateWhaleAlertRule
DA:7,8
DA:17,8
DA:38,8
DA:66,8
DA:115,8
DA:116,0
DA:124,8
DA:128,4
DA:130,4
DA:131,3
DA:133,1
DA:144,8
LF:12
LH:11
BRDA:130,0,0,3
BRDA:130,0,1,1
BRF:2
BRH:2
end_of_record
TN:
SF:src/alerts/dto/index.ts
FNF:0
FNH:0
DA:10,8
DA:11,8
DA:12,8
DA:13,8
DA:14,8
DA:15,8
LF:6
LH:6
BRF:0
BRH:0
end_of_record
TN:
SF:src/alerts/dto/update-gas-alert.dto.ts
FN:61,(anonymous_0)
FN:73,(anonymous_1)
FN:85,(anonymous_2)
FN:103,safeValidateUpdateGasAlert
FN:110,validateUpdateGasAlert
FNF:5
FNH:0
FNDA:0,(anonymous_0)
FNDA:0,(anonymous_1)
FNDA:0,(anonymous_2)
FNDA:0,safeValidateUpdateGasAlert
FNDA:0,validateUpdateGasAlert
DA:1,8
DA:2,8
DA:18,8
DA:63,0
DA:64,0
DA:66,0
DA:75,0
DA:76,0
DA:78,0
DA:87,0
DA:88,0
DA:90,0
DA:103,8
DA:104,0
DA:110,8
DA:111,0
LF:16
LH:5
BRDA:63,0,0,0
BRDA:63,1,0,0
BRDA:63,1,1,0
BRDA:75,2,0,0
BRDA:75,3,0,0
BRDA:75,3,1,0
BRDA:87,4,0,0
BRDA:87,5,0,0
BRDA:87,5,1,0
BRF:9
BRH:0
end_of_record
TN:
SF:src/alerts/dto/update-price-alert.dto.ts
FN:53,validateUpdatePriceAlert
FN:63,safeValidateUpdatePriceAlert
FN:74,validateUpdateConditionalFields
FN:162,mergeUpdateData
FNF:4
FNH:3
FNDA:0,validateUpdatePriceAlert
FNDA:3,safeValidateUpdatePriceAlert
FNDA:2,validateUpdateConditionalFields
FNDA:2,mergeUpdateData
DA:9,8
DA:10,8
DA:20,8
DA:53,8
DA:54,0
DA:63,8
DA:64,3
DA:74,8
DA:92,2
DA:95,2
DA:100,2
DA:106,2
DA:107,2
DA:111,2
DA:112,0
DA:117,2
DA:118,0
DA:122,0
DA:123,0
DA:128,2
DA:129,0
DA:133,0
DA:134,0
DA:139,2
DA:140,0
DA:144,0
DA:145,0
DA:149,2
DA:162,8
DA:180,2
LF:30
LH:19
BRDA:106,0,0,2
BRDA:106,1,0,2
BRDA:106,1,1,2
BRDA:111,2,0,0
BRDA:117,3,0,0
BRDA:117,4,0,2
BRDA:117,4,1,2
BRDA:122,5,0,0
BRDA:128,6,0,0
BRDA:128,7,0,2
BRDA:128,7,1,2
BRDA:133,8,0,0
BRDA:139,9,0,0
BRDA:139,10,0,2
BRDA:139,10,1,2
BRDA:144,11,0,0
BRDA:181,12,0,2
BRDA:181,12,1,2
BRDA:182,13,0,0
BRDA:182,13,1,2
BRDA:191,14,0,2
BRDA:191,14,1,2
BRDA:192,15,0,2
BRDA:192,15,1,2
BRF:24
BRH:16
end_of_record
TN:
SF:src/alerts/dto/update-whale-alert.dto.ts
FN:35,validateWhaleAlertRuleUpdate
FN:44,safeValidateWhaleAlertRuleUpdate
FNF:2
FNH:1
FNDA:0,validateWhaleAlertRuleUpdate
FNDA:3,safeValidateWhaleAlertRuleUpdate
DA:8,8
DA:18,8
DA:35,8
DA:36,0
DA:44,8
DA:48,3
DA:50,3
DA:51,3
DA:53,0
DA:64,8
DA:75,8
DA:82,8
LF:12
LH:10
BRDA:50,0,0,3
BRDA:50,0,1,0
BRF:2
BRH:1
end_of_record
TN:
SF:src/alerts/services/alert-history.service.ts
FN:67,(anonymous_0)
FN:73,(anonymous_1)
FN:245,(anonymous_2)
FN:283,(anonymous_3)
FN:323,(anonymous_4)
FN:337,(anonymous_5)
FN:343,(anonymous_6)
FN:366,(anonymous_7)
FNF:8
FNH:1
FNDA:1,(anonymous_0)
FNDA:0,(anonymous_1)
FNDA:0,(anonymous_2)
FNDA:0,(anonymous_3)
FNDA:0,(anonymous_4)
FNDA:0,(anonymous_5)
FNDA:0,(anonymous_6)
FNDA:0,(anonymous_7)
DA:8,1
DA:9,1
DA:67,1
DA:68,1
DA:84,0
DA:87,0
DA:88,0
DA:89,0
DA:91,0
DA:97,0
DA:99,0
DA:110,0
DA:112,0
DA:118,0
DA:119,0
DA:121,0
DA:127,0
DA:128,0
DA:130,0
DA:139,0
DA:148,0
DA:149,0
DA:150,0
DA:162,0
DA:174,0
DA:175,0
DA:186,0
DA:187,0
DA:200,0
DA:201,0
DA:213,0
DA:227,0
DA:237,0
DA:238,0
DA:246,0
DA:248,0
DA:249,0
DA:250,0
DA:253,0
DA:273,0
DA:275,0
DA:276,0
DA:284,0
DA:285,0
DA:309,0
DA:313,0
DA:315,0
DA:316,0
DA:325,0
DA:327,0
DA:328,0
DA:330,0
DA:338,0
DA:339,0
DA:342,0
DA:343,0
DA:344,0
DA:345,0
DA:360,0
DA:367,0
DA:386,1
LF:61
LH:5
BRDA:73,0,0,0
BRDA:75,1,0,0
BRDA:76,2,0,0
BRDA:82,3,0,0
BRDA:83,4,0,0
BRDA:97,5,0,0
BRDA:97,5,1,0
BRDA:97,6,0,0
BRDA:97,6,1,0
BRDA:97,6,2,0
BRDA:97,6,3,0
BRDA:97,6,4,0
BRDA:110,7,0,0
BRDA:110,7,1,0
BRDA:118,8,0,0
BRDA:118,8,1,0
BRDA:119,9,0,0
BRDA:119,9,1,0
BRDA:128,10,0,0
BRDA:128,10,1,0
BRDA:148,11,0,0
BRDA:148,11,1,0
BRDA:149,12,0,0
BRDA:149,12,1,0
BRDA:158,13,0,0
BRDA:158,13,1,0
BRDA:170,14,0,0
BRDA:170,14,1,0
BRDA:174,15,0,0
BRDA:174,15,1,0
BRDA:183,16,0,0
BRDA:183,16,1,0
BRDA:186,17,0,0
BRDA:186,17,1,0
BRDA:195,18,0,0
BRDA:195,18,1,0
BRDA:200,19,0,0
BRDA:200,19,1,0
BRDA:209,20,0,0
BRDA:209,20,1,0
BRDA:221,21,0,0
BRDA:221,21,1,0
BRDA:249,22,0,0
BRDA:273,23,0,0
BRDA:273,23,1,0
BRDA:300,24,0,0
BRDA:300,24,1,0
BRDA:301,25,0,0
BRDA:301,25,1,0
BRDA:302,26,0,0
BRDA:302,26,1,0
BRDA:303,27,0,0
BRDA:303,27,1,0
BRDA:323,28,0,0
BRDA:327,29,0,0
BRDA:327,29,1,0
BRDA:338,30,0,0
BRDA:349,31,0,0
BRDA:349,31,1,0
BRDA:350,32,0,0
BRDA:350,32,1,0
BRDA:351,33,0,0
BRDA:351,33,1,0
BRDA:352,34,0,0
BRDA:352,34,1,0
BRDA:353,35,0,0
BRDA:353,35,1,0
BRDA:354,36,0,0
BRDA:354,36,1,0
BRDA:373,37,0,0
BRDA:373,37,1,0
BRDA:376,38,0,0
BRDA:376,38,1,0
BRDA:379,39,0,0
BRDA:379,39,1,0
BRF:75
BRH:0
end_of_record
TN:
SF:src/alerts/services/gas-alert-trigger.service.ts
FN:41,(anonymous_1)
FN:55,(anonymous_2)
FN:101,(anonymous_3)
FN:120,(anonymous_4)
FN:136,(anonymous_5)
FN:171,(anonymous_6)
FN:189,(anonymous_7)
FN:213,(anonymous_8)
FN:246,(anonymous_9)
FN:270,(anonymous_10)
FN:290,(anonymous_11)
FN:325,(anonymous_12)
FN:355,(anonymous_13)
FN:382,(anonymous_14)
FNF:14
FNH:13
FNDA:17,(anonymous_1)
FNDA:4,(anonymous_2)
FNDA:2,(anonymous_3)
FNDA:5,(anonymous_4)
FNDA:4,(anonymous_5)
FNDA:5,(anonymous_6)
FNDA:1,(anonymous_7)
FNDA:1,(anonymous_8)
FNDA:1,(anonymous_9)
FNDA:3,(anonymous_10)
FNDA:3,(anonymous_11)
FNDA:3,(anonymous_12)
FNDA:0,(anonymous_13)
FNDA:1,(anonymous_14)
DA:9,1
DA:10,1
DA:11,1
DA:12,1
DA:14,1
DA:38,1
DA:42,17
DA:56,4
DA:58,4
DA:60,3
DA:61,1
DA:62,1
DA:65,2
DA:68,2
DA:69,2
DA:71,2
DA:73,2
DA:74,0
DA:78,2
DA:79,1
DA:80,1
DA:84,1
DA:86,0
DA:90,1
DA:102,2
DA:104,2
DA:105,2
DA:106,0
DA:107,0
DA:110,0
DA:121,5
DA:122,5
DA:123,5
DA:126,5
DA:137,4
DA:138,4
DA:139,4
DA:142,4
DA:143,4
DA:145,4
DA:146,1
DA:147,1
DA:151,3
DA:153,3
DA:162,3
DA:172,5
DA:173,2
DA:176,3
DA:177,3
DA:178,3
DA:180,3
DA:190,1
DA:191,1
DA:192,1
DA:193,1
DA:194,1
DA:195,1
DA:197,1
DA:207,1
DA:210,1
DA:213,1
DA:214,1
DA:218,1
DA:219,1
DA:220,1
DA:224,1
DA:239,1
DA:246,1
DA:250,1
DA:252,1
DA:258,0
DA:259,0
DA:271,3
DA:272,3
DA:273,3
DA:274,3
DA:275,3
DA:281,3
DA:282,2
DA:283,2
DA:285,1
DA:286,1
DA:290,3
DA:295,3
DA:327,3
DA:329,3
DA:330,0
DA:333,3
DA:334,0
DA:337,3
DA:338,0
DA:341,3
DA:342,3
DA:345,3
DA:356,0
DA:357,0
DA:360,0
DA:361,0
DA:363,0
DA:365,0
DA:366,0
DA:369,0
DA:370,0
DA:372,0
DA:373,0
DA:383,1
DA:384,1
DA:386,1
DA:392,0
DA:398,1
LF:110
LH:88
BRDA:43,0,0,17
BRDA:43,0,1,17
BRDA:44,1,0,17
BRDA:44,1,1,17
BRDA:45,2,0,17
BRDA:45,2,1,17
BRDA:60,3,0,1
BRDA:73,4,0,0
BRDA:78,5,0,1
BRDA:104,6,0,2
BRDA:104,6,1,0
BRDA:106,7,0,0
BRDA:122,8,0,5
BRDA:122,8,1,0
BRDA:138,9,0,4
BRDA:138,9,1,0
BRDA:145,10,0,1
BRDA:172,11,0,2
BRDA:193,12,0,1
BRDA:193,12,1,0
BRDA:214,13,0,1
BRDA:214,13,1,0
BRDA:215,14,0,0
BRDA:215,14,1,0
BRDA:220,15,0,1
BRDA:220,15,1,0
BRDA:273,16,0,3
BRDA:273,16,1,0
BRDA:281,17,0,2
BRDA:281,17,1,1
BRDA:329,18,0,0
BRDA:329,19,0,3
BRDA:329,19,1,0
BRDA:333,20,0,0
BRDA:333,21,0,3
BRDA:333,21,1,0
BRDA:337,22,0,0
BRDA:337,23,0,3
BRDA:337,23,1,0
BRDA:341,24,0,3
BRDA:341,25,0,3
BRDA:341,25,1,3
BRDA:365,26,0,0
BRF:43
BRH:25
end_of_record
TN:
SF:src/alerts/services/gas-alert.service.ts
FN:51,(anonymous_1)
FN:62,(anonymous_2)
FN:136,(anonymous_3)
FN:167,(anonymous_4)
FN:184,(anonymous_5)
FN:204,(anonymous_6)
FN:255,(anonymous_7)
FN:275,(anonymous_8)
FN:296,(anonymous_9)
FN:313,(anonymous_10)
FN:323,(anonymous_11)
FN:333,(anonymous_12)
FN:345,(anonymous_13)
FNF:13
FNH:11
FNDA:13,(anonymous_1)
FNDA:3,(anonymous_2)
FNDA:2,(anonymous_3)
FNDA:2,(anonymous_4)
FNDA:3,(anonymous_5)
FNDA:1,(anonymous_6)
FNDA:2,(anonymous_7)
FNDA:1,(anonymous_8)
FNDA:3,(anonymous_9)
FNDA:0,(anonymous_10)
FNDA:0,(anonymous_11)
FNDA:2,(anonymous_12)
FNDA:8,(anonymous_13)
DA:1,2
DA:2,2
DA:15,2
DA:48,2
DA:52,13
DA:64,3
DA:65,3
DA:66,0
DA:70,3
DA:71,3
DA:73,3
DA:74,1
DA:78,2
DA:85,2
DA:89,2
DA:90,1
DA:93,2
DA:94,0
DA:97,2
DA:98,0
DA:102,2
DA:125,2
DA:145,2
DA:148,2
DA:156,2
DA:166,2
DA:167,2
DA:185,3
DA:193,3
DA:206,1
DA:207,1
DA:208,0
DA:212,1
DA:220,1
DA:229,1
DA:245,1
DA:256,2
DA:264,2
DA:276,1
DA:287,1
DA:297,3
DA:304,3
DA:314,0
DA:323,0
DA:336,2
DA:346,8
DA:364,2
LF:47
LH:41
BRDA:15,0,0,2
BRDA:15,0,1,2
BRDA:15,0,2,2
BRDA:52,1,0,13
BRDA:52,1,1,2
BRDA:65,2,0,0
BRDA:73,3,0,1
BRDA:73,4,0,3
BRDA:73,4,1,1
BRDA:89,5,0,1
BRDA:93,6,0,0
BRDA:97,7,0,0
BRDA:114,8,0,2
BRDA:114,8,1,2
BRDA:115,9,0,2
BRDA:115,9,1,2
BRDA:136,10,0,0
BRDA:136,11,0,0
BRDA:193,12,0,2
BRDA:193,12,1,1
BRDA:207,13,0,0
BRDA:214,14,0,1
BRDA:214,14,1,0
BRDA:215,15,0,1
BRDA:215,15,1,1
BRDA:216,16,0,1
BRDA:216,16,1,0
BRDA:222,17,0,1
BRDA:222,17,1,0
BRDA:223,18,0,1
BRDA:223,18,1,0
BRDA:224,19,0,1
BRDA:224,19,1,0
BRDA:225,20,0,1
BRDA:225,20,1,0
BRDA:232,21,0,1
BRDA:232,21,1,1
BRDA:233,22,0,0
BRDA:233,22,1,1
BRDA:236,23,0,1
BRDA:236,23,1,0
BRDA:237,24,0,1
BRDA:237,24,1,1
BRDA:245,25,0,1
BRDA:245,25,1,0
BRDA:287,26,0,1
BRDA:287,26,1,0
BRF:47
BRH:31
end_of_record
TN:
SF:src/alerts/services/gas-prediction.service.ts
FN:54,(anonymous_1)
FN:68,(anonymous_2)
FN:91,(anonymous_3)
FN:128,(anonymous_4)
FN:143,(anonymous_5)
FN:241,(anonymous_6)
FN:296,(anonymous_7)
FN:315,(anonymous_8)
FN:326,(anonymous_9)
FNF:9
FNH:9
FNDA:3,(anonymous_1)
FNDA:13,(anonymous_2)
FNDA:36,(anonymous_3)
FNDA:42,(anonymous_4)
FNDA:3300,(anonymous_5)
FNDA:38,(anonymous_6)
FNDA:44,(anonymous_7)
FNDA:3327,(anonymous_8)
FNDA:36,(anonymous_9)
DA:1,3
DA:2,3
DA:45,3
DA:47,3
DA:55,3
DA:69,13
DA:71,13
DA:72,13
DA:74,13
DA:75,4
DA:79,4
DA:83,9
DA:90,9
DA:91,36
DA:95,7
DA:101,7
DA:107,7
DA:109,2
DA:117,2
DA:132,42
DA:134,42
DA:136,42
DA:137,9
DA:143,3300
DA:149,33
DA:152,33
DA:155,33
DA:156,33
DA:157,33
DA:158,33
DA:160,33
DA:176,33
DA:179,33
DA:180,1
DA:181,32
DA:182,30
DA:184,2
DA:188,33
DA:191,33
DA:197,33
DA:206,33
DA:217,9
DA:226,9
DA:244,38
DA:246,38
DA:247,1
DA:251,37
DA:252,37
DA:253,37
DA:254,37
DA:255,37
DA:257,37
DA:258,3324
DA:259,3324
DA:260,3324
DA:261,3324
DA:262,3324
DA:266,37
DA:267,37
DA:270,37
DA:271,37
DA:272,37
DA:274,37
DA:275,3324
DA:276,3324
DA:277,3324
DA:280,37
DA:282,37
DA:300,44
DA:301,44
DA:302,44
DA:305,44
DA:315,3327
DA:331,36
DA:332,31
DA:333,31
DA:336,5
DA:337,3
DA:338,3
DA:342,2
DA:347,3
LF:81
LH:81
BRDA:56,0,0,3
BRDA:56,0,1,3
BRDA:57,1,0,3
BRDA:57,1,1,3
BRDA:58,2,0,3
BRDA:58,2,1,3
BRDA:74,3,0,4
BRDA:111,4,0,2
BRDA:111,4,1,0
BRDA:136,5,0,9
BRDA:179,6,0,1
BRDA:179,6,1,32
BRDA:181,7,0,30
BRDA:181,7,1,2
BRDA:219,8,0,9
BRDA:219,8,1,0
BRDA:246,9,0,1
BRDA:280,10,0,1
BRDA:280,10,1,36
BRDA:331,11,0,31
BRDA:336,12,0,3
BRF:21
BRH:19
end_of_record
TN:
SF:src/alerts/services/gas-price-monitor.service.ts
FN:23,(anonymous_1)
FN:111,(anonymous_2)
FN:127,(anonymous_3)
FN:149,(anonymous_4)
FN:176,(anonymous_5)
FN:208,(anonymous_6)
FN:238,(anonymous_7)
FN:256,(anonymous_8)
FN:267,(anonymous_9)
FN:286,(anonymous_10)
FN:294,(anonymous_11)
FN:302,(anonymous_12)
FN:309,(anonymous_13)
FN:328,(anonymous_14)
FN:339,(anonymous_15)
FNF:15
FNH:0
FNDA:0,(anonymous_1)
FNDA:0,(anonymous_2)
FNDA:0,(anonymous_3)
FNDA:0,(anonymous_4)
FNDA:0,(anonymous_5)
FNDA:0,(anonymous_6)
FNDA:0,(anonymous_7)
FNDA:0,(anonymous_8)
FNDA:0,(anonymous_9)
FNDA:0,(anonymous_10)
FNDA:0,(anonymous_11)
FNDA:0,(anonymous_12)
FNDA:0,(anonymous_13)
FNDA:0,(anonymous_14)
FNDA:0,(anonymous_15)
DA:1,0
DA:2,0
DA:3,0
DA:4,0
DA:18,0
DA:24,0
DA:25,0
DA:47,0
DA:106,0
DA:109,0
DA:112,0
DA:113,0
DA:116,0
DA:117,0
DA:129,0
DA:130,0
DA:131,0
DA:135,0
DA:138,0
DA:140,0
DA:150,0
DA:151,0
DA:152,0
DA:156,0
DA:157,0
DA:158,0
DA:160,0
DA:166,0
DA:177,0
DA:186,0
DA:187,0
DA:190,0
DA:192,0
DA:209,0
DA:210,0
DA:211,0
DA:215,0
DA:216,0
DA:219,0
DA:222,0
DA:239,0
DA:240,0
DA:242,0
DA:243,0
DA:246,0
DA:257,0
DA:258,0
DA:268,0
DA:269,0
DA:272,0
DA:275,0
DA:276,0
DA:287,0
DA:288,0
DA:289,0
DA:292,0
DA:294,0
DA:304,0
DA:305,0
DA:306,0
DA:309,0
DA:310,0
DA:311,0
DA:312,0
DA:313,0
DA:314,0
DA:317,0
DA:319,0
DA:329,0
DA:330,0
DA:331,0
DA:332,0
DA:340,0
DA:341,0
DA:346,0
LF:75
LH:0
BRDA:19,0,0,0
BRDA:19,0,1,0
BRDA:20,1,0,0
BRDA:20,1,1,0
BRDA:21,2,0,0
BRDA:21,2,1,0
BRDA:22,3,0,0
BRDA:22,3,1,0
BRDA:50,4,0,0
BRDA:50,4,1,0
BRDA:56,5,0,0
BRDA:56,5,1,0
BRDA:62,6,0,0
BRDA:62,6,1,0
BRDA:68,7,0,0
BRDA:68,7,1,0
BRDA:74,8,0,0
BRDA:74,8,1,0
BRDA:80,9,0,0
BRDA:80,9,1,0
BRDA:86,10,0,0
BRDA:86,10,1,0
BRDA:92,11,0,0
BRDA:92,11,1,0
BRDA:98,12,0,0
BRDA:98,12,1,0
BRDA:102,13,0,0
BRDA:102,13,1,0
BRDA:112,14,0,0
BRDA:112,14,1,0
BRDA:130,15,0,0
BRDA:151,16,0,0
BRDA:156,17,0,0
BRDA:156,18,0,0
BRDA:156,18,1,0
BRDA:186,19,0,0
BRDA:210,20,0,0
BRDA:216,21,0,0
BRDA:216,21,1,0
BRDA:242,22,0,0
BRDA:286,23,0,0
BRDA:304,24,0,0
BRDA:329,25,0,0
BRF:43
BRH:0
end_of_record
TN:
SF:src/alerts/services/notification.service.ts
FN:55,(anonymous_1)
FN:64,(anonymous_2)
FN:74,(anonymous_3)
FN:78,(anonymous_4)
FN:125,(anonymous_5)
FN:136,(anonymous_6)
FN:136,(anonymous_7)
FN:164,(anonymous_8)
FN:171,(anonymous_9)
FN:178,(anonymous_10)
FN:222,(anonymous_11)
FN:256,(anonymous_12)
FN:297,(anonymous_13)
FN:334,(anonymous_14)
FN:352,(anonymous_15)
FN:360,(anonymous_16)
FN:368,(anonymous_17)
FNF:17
FNH:2
FNDA:1,(anonymous_1)
FNDA:1,(anonymous_2)
FNDA:0,(anonymous_3)
FNDA:0,(anonymous_4)
FNDA:0,(anonymous_5)
FNDA:0,(anonymous_6)
FNDA:0,(anonymous_7)
FNDA:0,(anonymous_8)
FNDA:0,(anonymous_9)
FNDA:0,(anonymous_10)
FNDA:0,(anonymous_11)
FNDA:0,(anonymous_12)
FNDA:0,(anonymous_13)
FNDA:0,(anonymous_14)
FNDA:0,(anonymous_15)
FNDA:0,(anonymous_16)
FNDA:0,(anonymous_17)
DA:6,1
DA:7,1
DA:8,1
DA:41,1
DA:49,1
DA:50,1
DA:51,1
DA:52,1
DA:53,1
DA:56,1
DA:65,1
DA:66,1
DA:68,1
DA:75,0
DA:78,0
DA:79,0
DA:82,0
DA:84,0
DA:85,0
DA:87,0
DA:88,0
DA:90,0
DA:91,0
DA:93,0
DA:94,0
DA:96,0
DA:103,0
DA:105,0
DA:106,0
DA:114,0
DA:115,0
DA:118,0
DA:119,0
DA:120,0
DA:121,0
DA:122,0
DA:123,0
DA:125,0
DA:126,0
DA:127,0
DA:128,0
DA:129,0
DA:131,0
DA:135,0
DA:136,0
DA:138,0
DA:148,0
DA:154,0
DA:155,0
DA:158,0
DA:165,0
DA:172,0
DA:182,0
DA:183,0
DA:186,0
DA:194,0
DA:202,0
DA:204,0
DA:210,0
DA:211,0
DA:226,0
DA:227,0
DA:228,0
DA:229,0
DA:232,0
DA:238,0
DA:244,0
DA:245,0
DA:260,0
DA:261,0
DA:262,0
DA:263,0
DA:266,0
DA:279,0
DA:285,0
DA:286,0
DA:301,0
DA:302,0
DA:303,0
DA:304,0
DA:307,0
DA:316,0
DA:322,0
DA:323,0
DA:335,0
DA:353,0
DA:354,0
DA:361,0
DA:362,0
DA:369,0
DA:371,0
DA:373,0
DA:374,0
DA:376,0
DA:377,0
DA:379,0
DA:380,0
DA:382,0
DA:383,0
DA:385,0
DA:386,0
DA:388,0
DA:389,0
DA:391,0
DA:393,0
DA:394,0
DA:396,0
DA:397,0
DA:399,0
DA:400,0
DA:402,0
DA:403,0
DA:404,0
DA:408,0
DA:413,1
LF:115
LH:14
BRDA:49,0,0,1
BRDA:49,0,1,1
BRDA:50,1,0,1
BRDA:50,1,1,1
BRDA:51,2,0,1
BRDA:51,2,1,1
BRDA:52,3,0,1
BRDA:52,3,1,1
BRDA:53,4,0,1
BRDA:53,4,1,1
BRDA:65,5,0,1
BRDA:82,6,0,0
BRDA:82,6,1,0
BRDA:82,6,2,0
BRDA:82,6,3,0
BRDA:82,6,4,0
BRDA:118,7,0,0
BRDA:118,8,0,0
BRDA:118,8,1,0
BRDA:127,9,0,0
BRDA:127,9,1,0
BRDA:128,10,0,0
BRDA:128,10,1,0
BRDA:135,11,0,0
BRDA:135,11,1,0
BRDA:135,12,0,0
BRDA:135,12,1,0
BRDA:136,13,0,0
BRDA:136,13,1,0
BRDA:154,14,0,0
BRDA:196,15,0,0
BRDA:196,15,1,0
BRDA:227,16,0,0
BRDA:227,16,1,0
BRDA:227,16,2,0
BRDA:228,17,0,0
BRDA:261,18,0,0
BRDA:261,18,1,0
BRDA:261,18,2,0
BRDA:262,19,0,0
BRDA:272,20,0,0
BRDA:272,20,1,0
BRDA:302,21,0,0
BRDA:302,21,1,0
BRDA:303,22,0,0
BRDA:353,23,0,0
BRDA:353,23,1,0
BRDA:361,24,0,0
BRDA:361,24,1,0
BRDA:371,25,0,0
BRDA:371,25,1,0
BRDA:373,26,0,0
BRDA:376,27,0,0
BRDA:379,28,0,0
BRDA:382,29,0,0
BRDA:385,30,0,0
BRDA:388,31,0,0
BRDA:391,32,0,0
BRDA:393,33,0,0
BRDA:396,34,0,0
BRDA:399,35,0,0
BRDA:402,36,0,0
BRDA:402,37,0,0
BRDA:402,37,1,0
BRF:64
BRH:11
end_of_record
TN:
SF:src/alerts/services/price-alert.service.ts
FN:24,getAlertsDBConnection
FN:79,(anonymous_2)
FN:89,(anonymous_3)
FN:138,(anonymous_4)
FN:209,(anonymous_5)
FN:229,(anonymous_6)
FN:276,(anonymous_7)
FN:295,(anonymous_8)
FN:320,(anonymous_9)
FN:337,(anonymous_10)
FN:377,(anonymous_11)
FNF:11
FNH:11
FNDA:24,getAlertsDBConnection
FNDA:24,(anonymous_2)
FNDA:7,(anonymous_3)
FNDA:8,(anonymous_4)
FNDA:7,(anonymous_5)
FNDA:3,(anonymous_6)
FNDA:3,(anonymous_7)
FNDA:4,(anonymous_8)
FNDA:6,(anonymous_9)
FNDA:4,(anonymous_10)
FNDA:32,(anonymous_11)
DA:9,3
DA:10,3
DA:25,24
DA:26,3
DA:27,3
DA:28,0
DA:30,3
DA:35,24
DA:79,3
DA:80,24
DA:91,7
DA:92,7
DA:93,3
DA:97,4
DA:98,4
DA:100,4
DA:101,2
DA:105,2
DA:128,2
DA:147,8
DA:148,8
DA:149,8
DA:152,8
DA:154,8
DA:155,2
DA:156,2
DA:157,0
DA:158,0
DA:159,0
DA:160,0
DA:164,8
DA:165,2
DA:168,8
DA:169,2
DA:172,8
DA:175,8
DA:182,8
DA:191,8
DA:210,7
DA:218,7
DA:231,3
DA:232,3
DA:233,1
DA:237,2
DA:238,2
DA:239,0
DA:243,2
DA:246,2
DA:262,2
DA:263,0
DA:266,2
DA:277,3
DA:284,3
DA:296,4
DA:307,4
DA:308,1
DA:311,3
DA:321,6
DA:328,6
DA:338,4
DA:340,4
DA:349,4
DA:351,1
DA:356,3
DA:358,3
DA:359,1
DA:363,2
DA:365,0
DA:367,0
DA:378,32
DA:396,3
LF:71
LH:62
BRDA:25,0,0,3
BRDA:26,1,0,3
BRDA:26,1,1,0
BRDA:27,2,0,0
BRDA:92,3,0,3
BRDA:100,4,0,2
BRDA:100,5,0,4
BRDA:100,5,1,3
BRDA:117,6,0,2
BRDA:117,6,1,0
BRDA:118,7,0,2
BRDA:118,7,1,0
BRDA:138,8,0,1
BRDA:147,9,0,8
BRDA:147,9,1,6
BRDA:148,10,0,8
BRDA:148,10,1,6
BRDA:154,11,0,2
BRDA:155,12,0,2
BRDA:155,12,1,0
BRDA:157,13,0,0
BRDA:157,13,1,0
BRDA:159,14,0,0
BRDA:164,15,0,2
BRDA:168,16,0,2
BRDA:218,17,0,4
BRDA:218,17,1,3
BRDA:232,18,0,1
BRDA:238,19,0,0
BRDA:262,20,0,0
BRDA:307,21,0,1
BRDA:349,22,0,1
BRDA:349,23,0,4
BRDA:349,23,1,4
BRDA:358,24,0,1
BRDA:358,25,0,3
BRDA:358,25,1,2
BRDA:384,26,0,0
BRDA:384,26,1,32
BRDA:385,27,0,0
BRDA:385,27,1,32
BRF:41
BRH:29
end_of_record
TN:
SF:src/alerts/services/whale-alert.service.ts
FN:18,getAlertsDBConnection
FN:80,(anonymous_2)
FN:89,(anonymous_3)
FN:122,(anonymous_4)
FN:148,(anonymous_5)
FN:164,(anonymous_6)
FN:181,(anonymous_7)
FN:214,(anonymous_8)
FN:231,(anonymous_9)
FN:251,(anonymous_10)
FN:268,(anonymous_11)
FN:275,(anonymous_12)
FN:283,(anonymous_13)
FN:290,(anonymous_14)
FN:297,(anonymous_15)
FN:304,(anonymous_16)
FN:311,(anonymous_17)
FN:324,(anonymous_18)
FNF:18
FNH:18
FNDA:18,getAlertsDBConnection
FNDA:18,(anonymous_2)
FNDA:5,(anonymous_3)
FNDA:4,(anonymous_4)
FNDA:3,(anonymous_5)
FNDA:3,(anonymous_6)
FNDA:4,(anonymous_7)
FNDA:3,(anonymous_8)
FNDA:2,(anonymous_9)
FNDA:1,(anonymous_10)
FNDA:3,(anonymous_11)
FNDA:3,(anonymous_12)
FNDA:2,(anonymous_13)
FNDA:3,(anonymous_14)
FNDA:2,(anonymous_15)
FNDA:1,(anonymous_16)
FNDA:1,(anonymous_17)
FNDA:13,(anonymous_18)
DA:9,3
DA:19,18
DA:21,3
DA:22,3
DA:23,0
DA:25,3
DA:30,18
DA:80,3
DA:81,18
DA:90,5
DA:113,3
DA:126,4
DA:127,4
DA:128,4
DA:131,4
DA:138,4
DA:147,4
DA:148,3
DA:165,3
DA:171,3
DA:187,4
DA:191,4
DA:192,4
DA:193,4
DA:194,4
DA:195,4
DA:196,4
DA:198,4
DA:205,4
DA:215,3
DA:221,3
DA:236,2
DA:243,2
DA:252,1
DA:258,1
DA:269,3
DA:276,3
DA:277,3
DA:284,2
DA:291,3
DA:298,2
DA:305,1
DA:312,1
DA:325,13
DA:345,3
LF:45
LH:44
BRDA:19,0,0,3
BRDA:21,1,0,3
BRDA:21,1,1,0
BRDA:22,2,0,0
BRDA:103,3,0,5
BRDA:103,3,1,3
BRDA:108,4,0,5
BRDA:108,4,1,1
BRDA:124,5,0,0
BRDA:126,6,0,4
BRDA:126,6,1,0
BRDA:127,7,0,4
BRDA:127,7,1,0
BRDA:171,8,0,2
BRDA:171,8,1,1
BRDA:191,9,0,3
BRDA:192,10,0,0
BRDA:193,11,0,0
BRDA:194,12,0,0
BRDA:195,13,0,1
BRDA:196,14,0,1
BRDA:205,15,0,3
BRDA:205,15,1,1
BRDA:243,16,0,2
BRDA:243,16,1,0
BRDA:275,17,0,0
BRDA:275,18,0,0
BRDA:331,19,0,0
BRDA:331,19,1,13
BRDA:332,20,0,0
BRDA:332,20,1,13
BRF:31
BRH:18
end_of_record
TN:
SF:src/auth/jwt-authorizer.ts
FN:33,verifyToken
FN:68,generatePolicy
FN:100,(anonymous_2)
FNF:3
FNH:0
FNDA:0,verifyToken
FNDA:0,generatePolicy
FNDA:0,(anonymous_2)
DA:34,0
DA:42,0
DA:43,0
DA:44,0
DA:47,0
DA:50,0
DA:51,0
DA:54,0
DA:56,0
DA:57,0
DA:74,0
DA:100,0
DA:103,0
DA:105,0
DA:107,0
DA:109,0
DA:110,0
DA:111,0
DA:115,0
DA:116,0
DA:117,0
DA:118,0
DA:121,0
DA:124,0
DA:126,0
DA:127,0
DA:128,0
DA:139,0
DA:150,0
DA:151,0
DA:153,0
DA:157,0
DA:165,0
LF:33
LH:0
BRDA:43,0,0,0
BRDA:50,1,0,0
BRDA:50,2,0,0
BRDA:50,2,1,0
BRDA:86,3,0,0
BRDA:86,3,1,0
BRDA:107,4,0,0
BRDA:107,4,1,0
BRDA:109,5,0,0
BRDA:116,6,0,0
BRDA:116,7,0,0
BRDA:116,7,1,0
BRDA:126,8,0,0
BRDA:145,9,0,0
BRDA:145,9,1,0
BRDA:146,10,0,0
BRDA:146,10,1,0
BRF:17
BRH:0
end_of_record
TN:
SF:src/common/utils/db.ts
FN:18,getAlertsDBConnection
FN:35,closeAlertsDBConnection
FNF:2
FNH:0
FNDA:0,getAlertsDBConnection
FNDA:0,closeAlertsDBConnection
DA:6,0
DA:18,0
DA:19,0
DA:20,0
DA:21,0
DA:22,0
DA:24,0
DA:29,0
DA:35,0
DA:36,0
DA:37,0
LF:11
LH:0
BRDA:19,0,0,0
BRDA:20,1,0,0
BRDA:20,1,1,0
BRDA:21,2,0,0
BRDA:36,3,0,0
BRF:5
BRH:0
end_of_record
TN:
SF:src/common/utils/index.ts
FN:10,(anonymous_0)
FN:11,(anonymous_1)
FN:12,(anonymous_2)
FN:13,(anonymous_3)
FN:14,(anonymous_4)
FN:21,(anonymous_5)
FN:22,(anonymous_6)
FN:23,(anonymous_7)
FN:24,(anonymous_8)
FN:25,(anonymous_9)
FN:26,(anonymous_10)
FN:27,(anonymous_11)
FN:28,(anonymous_12)
FN:29,(anonymous_13)
FN:30,(anonymous_14)
FN:35,(anonymous_15)
FN:36,(anonymous_16)
FN:37,(anonymous_17)
FN:38,(anonymous_18)
FN:39,(anonymous_19)
FN:40,(anonymous_20)
FN:41,(anonymous_21)
FN:42,(anonymous_22)
FN:43,(anonymous_23)
FN:44,(anonymous_24)
FN:45,(anonymous_25)
FN:46,(anonymous_26)
FN:47,(anonymous_27)
FN:48,(anonymous_28)
FN:53,(anonymous_29)
FN:54,(anonymous_30)
FN:55,(anonymous_31)
FN:56,(anonymous_32)
FN:57,(anonymous_33)
FN:58,(anonymous_34)
FN:59,(anonymous_35)
FN:60,(anonymous_36)
FNF:37
FNH:4
FNDA:0,(anonymous_0)
FNDA:27,(anonymous_1)
FNDA:16,(anonymous_2)
FNDA:43,(anonymous_3)
FNDA:0,(anonymous_4)
FNDA:0,(anonymous_5)
FNDA:0,(anonymous_6)
FNDA:0,(anonymous_7)
FNDA:0,(anonymous_8)
FNDA:0,(anonymous_9)
FNDA:0,(anonymous_10)
FNDA:0,(anonymous_11)
FNDA:0,(anonymous_12)
FNDA:0,(anonymous_13)
FNDA:0,(anonymous_14)
FNDA:0,(anonymous_15)
FNDA:0,(anonymous_16)
FNDA:0,(anonymous_17)
FNDA:0,(anonymous_18)
FNDA:0,(anonymous_19)
FNDA:0,(anonymous_20)
FNDA:0,(anonymous_21)
FNDA:0,(anonymous_22)
FNDA:0,(anonymous_23)
FNDA:0,(anonymous_24)
FNDA:0,(anonymous_25)
FNDA:0,(anonymous_26)
FNDA:0,(anonymous_27)
FNDA:0,(anonymous_28)
FNDA:4,(anonymous_29)
FNDA:0,(anonymous_30)
FNDA:0,(anonymous_31)
FNDA:0,(anonymous_32)
FNDA:0,(anonymous_33)
FNDA:0,(anonymous_34)
FNDA:0,(anonymous_35)
FNDA:0,(anonymous_36)
DA:9,4
DA:10,4
DA:11,31
DA:12,20
DA:13,47
DA:14,4
DA:20,4
DA:21,4
DA:22,4
DA:23,4
DA:24,4
DA:25,4
DA:26,4
DA:27,4
DA:28,4
DA:29,4
DA:30,4
DA:34,4
DA:35,4
DA:36,4
DA:37,4
DA:38,4
DA:39,4
DA:40,4
DA:41,4
DA:42,4
DA:43,4
DA:44,4
DA:45,4
DA:46,4
DA:47,4
DA:48,4
DA:52,4
DA:53,8
DA:54,4
DA:55,4
DA:56,4
DA:57,4
DA:58,4
DA:59,4
DA:60,4
LF:41
LH:41
BRF:0
BRH:0
end_of_record
TN:
SF:src/common/utils/logger.ts
FN:13,(anonymous_0)
FN:56,(anonymous_1)
FN:68,(anonymous_2)
FN:105,(anonymous_3)
FN:118,(anonymous_4)
FN:131,(anonymous_5)
FN:145,(anonymous_6)
FN:160,(anonymous_7)
FN:190,createLogger
FN:206,logExecutionTime
FN:229,logDatabaseQuery
FN:253,logAPIRequest
FN:279,logValidationError
FN:301,logRateLimitExceeded
FNF:14
FNH:6
FNDA:10,(anonymous_0)
FNDA:10,(anonymous_1)
FNDA:70,(anonymous_2)
FNDA:43,(anonymous_3)
FNDA:11,(anonymous_4)
FNDA:0,(anonymous_5)
FNDA:16,(anonymous_6)
FNDA:0,(anonymous_7)
FNDA:0,createLogger
FNDA:0,logExecutionTime
FNDA:0,logDatabaseQuery
FNDA:0,logAPIRequest
FNDA:0,logValidationError
FNDA:0,logRateLimitExceeded
DA:13,10
DA:14,10
DA:15,10
DA:16,10
DA:17,10
DA:57,10
DA:74,70
DA:84,70
DA:85,16
DA:93,70
DA:106,43
DA:119,11
DA:132,0
DA:146,16
DA:166,0
DA:174,10
DA:190,10
DA:191,0
DA:206,10
DA:211,0
DA:212,0
DA:229,10
DA:234,0
DA:253,10
DA:260,0
DA:279,10
DA:284,0
DA:301,10
DA:306,0
LF:29
LH:20
BRDA:13,0,0,10
BRDA:13,0,1,10
BRDA:56,1,0,10
BRDA:84,2,0,16
BRF:4
BRH:4
end_of_record
TN:
SF:src/common/utils/response.ts
FN:51,successResponse
FN:76,errorResponse
FN:108,getUserId
FN:123,isAuthenticated
FNF:4
FNH:3
FNDA:27,successResponse
FNDA:16,errorResponse
FNDA:43,getUserId
FNDA:0,isAuthenticated
DA:15,5
DA:51,5
DA:55,27
DA:76,5
DA:81,16
DA:108,5
DA:109,43
DA:123,5
DA:124,0
LF:9
LH:8
BRDA:53,0,0,23
BRDA:78,1,0,0
BRDA:109,2,0,43
BRDA:109,2,1,2
BRF:4
BRH:3
end_of_record
TN:
SF:src/common/utils/test-helpers.ts
FN:27,createMockEvent
FN:96,createMockWhaleAlert
FN:130,createMockPriceAlert
FN:170,createMockPaginationResult
FN:199,createMockSql
FN:201,(anonymous_5)
FN:214,generateUUID
FN:223,generateUserId
FN:232,generateTimestamp
FN:249,assertSuccessResponse
FN:269,assertErrorResponse
FNF:11
FNH:0
FNDA:0,createMockEvent
FNDA:0,createMockWhaleAlert
FNDA:0,createMockPriceAlert
FNDA:0,createMockPaginationResult
FNDA:0,createMockSql
FNDA:0,(anonymous_5)
FNDA:0,generateUUID
FNDA:0,generateUserId
FNDA:0,generateTimestamp
FNDA:0,assertSuccessResponse
FNDA:0,assertErrorResponse
DA:27,4
DA:30,0
DA:96,4
DA:97,0
DA:130,4
DA:131,0
DA:170,4
DA:175,0
DA:199,4
DA:200,0
DA:201,0
DA:202,0
DA:214,4
DA:215,0
DA:223,4
DA:224,0
DA:232,4
DA:233,0
DA:249,4
DA:253,0
DA:254,0
DA:255,0
DA:256,0
DA:269,4
DA:274,0
DA:275,0
DA:276,0
DA:277,0
DA:278,0
DA:279,0
LF:30
LH:10
BRDA:28,0,0,0
BRDA:96,1,0,0
BRDA:130,2,0,0
BRDA:172,3,0,0
BRDA:173,4,0,0
BRDA:251,5,0,0
BRDA:278,6,0,0
BRF:7
BRH:0
end_of_record
TN:
SF:src/common/utils/validation.ts
FN:32,validatePagination
FN:59,validateUUID
FN:84,sanitizeString
FN:100,sanitizeAndValidateString
FN:133,validatePositiveNumber
FN:160,validateNumberRange
FN:194,validateNonEmptyArray
FN:219,validateArrayLength
FN:260,validateEmail
FN:286,validateURL
FNF:10
FNH:0
FNDA:0,validatePagination
FNDA:0,validateUUID
FNDA:0,sanitizeString
FNDA:0,sanitizeAndValidateString
FNDA:0,validatePositiveNumber
FNDA:0,validateNumberRange
FNDA:0,validateNonEmptyArray
FNDA:0,validateArrayLength
FNDA:0,validateEmail
FNDA:0,validateURL
DA:9,4
DA:18,4
DA:32,4
DA:33,0
DA:46,4
DA:59,4
DA:60,0
DA:66,4
DA:84,4
DA:85,0
DA:100,4
DA:105,0
DA:107,0
DA:108,0
DA:111,0
DA:112,0
DA:115,0
DA:133,4
DA:134,0
DA:136,0
DA:137,0
DA:140,0
DA:141,0
DA:144,0
DA:160,4
DA:166,0
DA:168,0
DA:169,0
DA:172,0
DA:173,0
DA:176,0
DA:194,4
DA:195,0
DA:196,0
DA:199,0
DA:200,0
DA:203,0
DA:219,4
DA:225,0
DA:226,0
DA:229,0
DA:230,0
DA:233,0
DA:234,0
DA:237,0
DA:247,4
DA:260,4
DA:261,0
DA:267,4
DA:286,4
DA:287,0
DA:288,0
DA:289,0
DA:291,0
DA:298,4
LF:55
LH:17
BRDA:32,0,0,0
BRDA:34,1,0,0
BRDA:34,1,1,0
BRDA:35,2,0,0
BRDA:35,2,1,0
BRDA:102,3,0,0
BRDA:103,4,0,0
BRDA:107,5,0,0
BRDA:111,6,0,0
BRDA:133,7,0,0
BRDA:136,8,0,0
BRDA:140,9,0,0
BRDA:164,10,0,0
BRDA:168,11,0,0
BRDA:172,12,0,0
BRDA:172,13,0,0
BRDA:172,13,1,0
BRDA:194,14,0,0
BRDA:195,15,0,0
BRDA:199,16,0,0
BRDA:223,17,0,0
BRDA:225,18,0,0
BRDA:229,19,0,0
BRDA:233,20,0,0
BRF:24
BRH:0
end_of_record
TN:
SF:src/middleware/rate-limiter.ts
FN:21,getRedisClient
FN:33,(anonymous_2)
FN:118,checkRateLimit
FN:193,rateLimiter
FN:231,getRateLimitHeaders
FN:251,createRateLimitErrorResponse
FN:274,resetRateLimit
FN:287,(anonymous_8)
FN:302,getRateLimitStatus
FNF:9
FNH:0
FNDA:0,getRedisClient
FNDA:0,(anonymous_2)
FNDA:0,checkRateLimit
FNDA:0,rateLimiter
FNDA:0,getRateLimitHeaders
FNDA:0,createRateLimitErrorResponse
FNDA:0,resetRateLimit
FNDA:0,(anonymous_8)
FNDA:0,getRateLimitStatus
DA:16,0
DA:19,0
DA:22,0
DA:23,0
DA:24,0
DA:25,0
DA:26,0
DA:28,0
DA:34,0
DA:35,0
DA:39,0
DA:50,0
DA:118,0
DA:122,0
DA:123,0
DA:124,0
DA:125,0
DA:127,0
DA:129,0
DA:132,0
DA:135,0
DA:138,0
DA:141,0
DA:143,0
DA:145,0
DA:146,0
DA:150,0
DA:153,0
DA:154,0
DA:155,0
DA:157,0
DA:159,0
DA:161,0
DA:169,0
DA:175,0
DA:178,0
DA:193,0
DA:197,0
DA:199,0
DA:200,0
DA:204,0
DA:206,0
DA:207,0
DA:211,0
DA:213,0
DA:214,0
DA:218,0
DA:231,0
DA:232,0
DA:238,0
DA:239,0
DA:242,0
DA:251,0
DA:252,0
DA:274,0
DA:278,0
DA:280,0
DA:281,0
DA:282,0
DA:283,0
DA:286,0
DA:287,0
DA:289,0
DA:290,0
DA:302,0
DA:306,0
DA:307,0
DA:308,0
DA:309,0
DA:310,0
DA:312,0
DA:314,0
DA:315,0
DA:317,0
DA:323,0
DA:324,0
LF:76
LH:0
BRDA:22,0,0,0
BRDA:23,1,0,0
BRDA:23,1,1,0
BRDA:24,2,0,0
BRDA:24,2,1,0
BRDA:26,3,0,0
BRDA:26,3,1,0
BRDA:145,4,0,0
BRDA:150,5,0,0
BRDA:150,5,1,0
BRDA:157,6,0,0
BRDA:199,7,0,0
BRDA:206,8,0,0
BRDA:213,9,0,0
BRDA:238,10,0,0
BRDA:280,11,0,0
BRDA:280,11,1,0
BRDA:289,12,0,0
BRF:18
BRH:0
end_of_record
